<?xml version="1.0" encoding="UTF-8"?>
<!-- Generated by org.testng.reporters.JUnitXMLReporter -->
<testsuite ignored="8" hostname="DESKTOP-35CFFOK" failures="0" tests="1" name="Default test" time="0.055" errors="0" timestamp="2024-02-10T16:44:37 IST">
  <testcase classname="string.String_declaration" name="reversestring2" time="0.009"/>
  <testcase classname="string.String_declaration" name="test1" time="0.0">
    <ignored/>
  </testcase> <!-- test1 -->
  <testcase classname="string.String_declaration" name="Stringg" time="0.0">
    <ignored/>
  </testcase> <!-- Stringg -->
  <testcase classname="string.String_declaration" name="ReverseString" time="0.0">
    <ignored/>
  </testcase> <!-- ReverseString -->
  <testcase classname="string.String_declaration" name="test4" time="0.0">
    <ignored/>
  </testcase> <!-- test4 -->
  <testcase classname="string.String_declaration" name="test5" time="0.0">
    <ignored/>
  </testcase> <!-- test5 -->
  <testcase classname="string.String_declaration" name="test2" time="0.0">
    <ignored/>
  </testcase> <!-- test2 -->
  <testcase classname="string.String_declaration" name="test3" time="0.0">
    <ignored/>
  </testcase> <!-- test3 -->
  <testcase classname="string.String_declaration" name="String1" time="0.0">
    <ignored/>
  </testcase> <!-- String1 -->
</testsuite> <!-- Default test -->
