<?xml version="1.0" encoding="UTF-8"?>
<!-- Generated by org.testng.reporters.JUnitXMLReporter -->
<testsuite ignored="7" hostname="DESKTOP-35CFFOK" failures="0" tests="1" name="Default test" time="0.044" errors="0" timestamp="2024-02-04T12:24:56 IST">
  <testcase classname="string.String_declaration" name="test5" time="0.007"/>
  <testcase classname="string.String_declaration" name="test4" time="0.0">
    <ignored/>
  </testcase> <!-- test4 -->
  <testcase classname="string.String_declaration" name="String1" time="0.0">
    <ignored/>
  </testcase> <!-- String1 -->
  <testcase classname="string.String_declaration" name="test3" time="0.0">
    <ignored/>
  </testcase> <!-- test3 -->
  <testcase classname="string.String_declaration" name="test2" time="0.0">
    <ignored/>
  </testcase> <!-- test2 -->
  <testcase classname="string.String_declaration" name="Stringg" time="0.0">
    <ignored/>
  </testcase> <!-- Stringg -->
  <testcase classname="string.String_declaration" name="testn" time="0.0">
    <ignored/>
  </testcase> <!-- testn -->
  <testcase classname="string.String_declaration" name="test1" time="0.0">
    <ignored/>
  </testcase> <!-- test1 -->
</testsuite> <!-- Default test -->
