<?xml version="1.0" encoding="UTF-8"?>
<!-- Generated by org.testng.reporters.JUnitXMLReporter -->
<testsuite ignored="0" hostname="DESKTOP-35CFFOK" failures="0" tests="4" name="Test" time="0.085" errors="0" timestamp="2024-02-25T22:00:56 IST">
  <testcase classname="feb2023.Regression_Smoke" name="Test1" time="0.01"/>
  <testcase classname="feb2023.Regression_Smoke" name="Test2" time="0.002"/>
  <testcase classname="feb2023.Regression_Smoke" name="Test3" time="0.003"/>
  <testcase classname="feb2023.Regression_Smoke" name="Test4" time="0.003"/>
</testsuite> <!-- Test -->
