<?xml version="1.0" encoding="UTF-8"?>
<testng-results ignored="1" total="2" passed="1" failed="0" skipped="0">
  <reporter-output>
  </reporter-output>
  <suite started-at="2023-01-21T17:47:35 IST" name="Suite" finished-at="2023-01-21T17:47:43 IST" duration-ms="7496">
    <groups>
    </groups>
    <test started-at="2023-01-21T17:47:35 IST" name="Test" finished-at="2023-01-21T17:47:43 IST" duration-ms="7496">
      <class name="testcase.Test1">
        <test-method is-config="true" signature="setupbrowser()[pri:0, instance:testcase.Test1@49049a04]" started-at="2023-01-21T17:47:36 IST" name="setupbrowser" finished-at="2023-01-21T17:47:42 IST" duration-ms="6759" status="PASS">
          <reporter-output>
          </reporter-output>
        </test-method> <!-- setupbrowser -->
        <test-method signature="takeSS()[pri:0, instance:testcase.Test1@49049a04]" started-at="2023-01-21T17:47:42 IST" name="takeSS" finished-at="2023-01-21T17:47:43 IST" duration-ms="241" status="PASS">
          <reporter-output>
          </reporter-output>
        </test-method> <!-- takeSS -->
        <test-method is-config="true" signature="closebrowser()[pri:0, instance:testcase.Test1@49049a04]" started-at="2023-01-21T17:47:43 IST" name="closebrowser" finished-at="2023-01-21T17:47:43 IST" duration-ms="392" status="PASS">
          <reporter-output>
          </reporter-output>
        </test-method> <!-- closebrowser -->
      </class> <!-- testcase.Test1 -->
    </test> <!-- Test -->
  </suite> <!-- Suite -->
</testng-results>
