<?xml version="1.0" encoding="UTF-8"?>
<testng-results ignored="0" total="4" passed="4" failed="0" skipped="0">
  <reporter-output>
  </reporter-output>
  <suite started-at="2024-02-25T22:00:56 IST" name="Suite" finished-at="2024-02-25T22:00:56 IST" duration-ms="85">
    <groups>
      <group name="smoke">
        <method signature="Regression_Smoke.Test3()[pri:0, instance:feb2023.Regression_Smoke@428640fa]" name="Test3" class="feb2023.Regression_Smoke"/>
        <method signature="Regression_Smoke.Test4()[pri:0, instance:feb2023.Regression_Smoke@428640fa]" name="Test4" class="feb2023.Regression_Smoke"/>
      </group> <!-- smoke -->
      <group name="Regression">
        <method signature="Regression_Smoke.Test1()[pri:0, instance:feb2023.Regression_Smoke@428640fa]" name="Test1" class="feb2023.Regression_Smoke"/>
        <method signature="Regression_Smoke.Test2()[pri:0, instance:feb2023.Regression_Smoke@428640fa]" name="Test2" class="feb2023.Regression_Smoke"/>
      </group> <!-- Regression -->
    </groups>
    <test started-at="2024-02-25T22:00:56 IST" name="Test" finished-at="2024-02-25T22:00:56 IST" duration-ms="85">
      <class name="feb2023.Regression_Smoke">
        <test-method signature="Test1()[pri:0, instance:feb2023.Regression_Smoke@428640fa]" started-at="2024-02-25T22:00:56 IST" name="Test1" finished-at="2024-02-25T22:00:56 IST" duration-ms="10" status="PASS">
          <reporter-output>
          </reporter-output>
        </test-method> <!-- Test1 -->
        <test-method signature="Test2()[pri:0, instance:feb2023.Regression_Smoke@428640fa]" started-at="2024-02-25T22:00:56 IST" name="Test2" finished-at="2024-02-25T22:00:56 IST" duration-ms="2" status="PASS">
          <reporter-output>
          </reporter-output>
        </test-method> <!-- Test2 -->
        <test-method signature="Test3()[pri:0, instance:feb2023.Regression_Smoke@428640fa]" started-at="2024-02-25T22:00:56 IST" name="Test3" finished-at="2024-02-25T22:00:56 IST" duration-ms="3" status="PASS">
          <reporter-output>
          </reporter-output>
        </test-method> <!-- Test3 -->
        <test-method signature="Test4()[pri:0, instance:feb2023.Regression_Smoke@428640fa]" started-at="2024-02-25T22:00:56 IST" name="Test4" finished-at="2024-02-25T22:00:56 IST" duration-ms="3" status="PASS">
          <reporter-output>
          </reporter-output>
        </test-method> <!-- Test4 -->
      </class> <!-- feb2023.Regression_Smoke -->
    </test> <!-- Test -->
  </suite> <!-- Suite -->
</testng-results>
