<?xml version="1.0" encoding="UTF-8"?>
<testng-results ignored="0" total="1" passed="1" failed="0" skipped="0">
  <reporter-output>
  </reporter-output>
  <suite started-at="2024-02-10T16:44:37 IST" name="Default suite" finished-at="2024-02-10T16:44:37 IST" duration-ms="55">
    <groups>
    </groups>
    <test started-at="2024-02-10T16:44:37 IST" name="Default test" finished-at="2024-02-10T16:44:37 IST" duration-ms="55">
      <class name="string.String_declaration">
        <test-method signature="reversestring2()[pri:0, instance:string.String_declaration@58695725]" started-at="2024-02-10T16:44:37 IST" name="reversestring2" finished-at="2024-02-10T16:44:37 IST" duration-ms="9" status="PASS">
          <reporter-output>
          </reporter-output>
        </test-method> <!-- reversestring2 -->
      </class> <!-- string.String_declaration -->
    </test> <!-- Default test -->
  </suite> <!-- Default suite -->
</testng-results>
