<?xml version="1.0" encoding="UTF-8"?>
<testng-results ignored="0" total="1" passed="1" failed="0" skipped="0">
  <reporter-output>
  </reporter-output>
  <suite started-at="2023-03-05T20:59:25 IST" name="Default suite" finished-at="2023-03-05T20:59:38 IST" duration-ms="12992">
    <groups>
    </groups>
    <test started-at="2023-03-05T20:59:25 IST" name="Default test" finished-at="2023-03-05T20:59:38 IST" duration-ms="12992">
      <class name="window_handel.WindowHandles">
        <test-method signature="Windowhandelprogram()[pri:0, instance:window_handel.WindowHandles@3f6f6701]" started-at="2023-03-05T20:59:25 IST" name="Windowhandelprogram" finished-at="2023-03-05T20:59:38 IST" duration-ms="12530" status="PASS">
          <reporter-output>
          </reporter-output>
        </test-method> <!-- Windowhandelprogram -->
        <test-method is-config="true" signature="close()[pri:0, instance:window_handel.WindowHandles@3f6f6701]" started-at="2023-03-05T20:59:38 IST" name="close" finished-at="2023-03-05T20:59:38 IST" duration-ms="373" status="PASS">
          <reporter-output>
          </reporter-output>
        </test-method> <!-- close -->
      </class> <!-- window_handel.WindowHandles -->
    </test> <!-- Default test -->
  </suite> <!-- Default suite -->
</testng-results>
