<?xml version="1.0" encoding="UTF-8"?>
<testng-results ignored="0" total="1" passed="1" failed="0" skipped="0">
  <reporter-output>
  </reporter-output>
  <suite started-at="2024-01-31T23:16:37 IST" name="Suite" finished-at="2024-01-31T23:16:44 IST" duration-ms="6999">
    <groups>
    </groups>
    <test started-at="2024-01-31T23:16:37 IST" name="Test" finished-at="2024-01-31T23:16:44 IST" duration-ms="6999">
      <class name="feb2024.Browser">
        <test-method signature="Launch_Browser()[pri:0, instance:feb2024.Browser@4310d43]" started-at="2024-01-31T23:16:37 IST" name="Launch_Browser" finished-at="2024-01-31T23:16:44 IST" duration-ms="6944" status="PASS">
          <reporter-output>
          </reporter-output>
        </test-method> <!-- Launch_Browser -->
      </class> <!-- feb2024.Browser -->
    </test> <!-- Test -->
  </suite> <!-- Suite -->
</testng-results>
